<?xml version="1.0" encoding="UTF-8"?>
<!-- Generated by org.testng.reporters.JUnitXMLReporter -->
<testsuite hostname="DESKTOP-3M04LF7" ignored="0" name="Elevate K-12 Test Cases" tests="6" failures="1" timestamp="2020-08-15T13:15:36 IST" time="207.787" errors="0">
  <testcase name="loginPageTitleTest" time="0.038" classname="com.elevate.qa.testCases.LoginPageTest"/>
  <testcase name="elevateLogoTest" time="0.099" classname="com.elevate.qa.testCases.LoginPageTest"/>
  <testcase name="adminLoginTest" time="5.109" classname="com.elevate.qa.testCases.LoginPageTest"/>
  <testcase name="verifyLMSDashboardTitleTest" time="0.023" classname="com.elevate.qa.testCases.LMSDashboardTest"/>
  <testcase name="verifyTechCheckUtilityClickTest" time="3.396" classname="com.elevate.qa.testCases.LMSDashboardTest"/>
  <testcase name="verifyProgramClickTest" time="120.424" classname="com.elevate.qa.testCases.LMSDashboardTest">
    <failure type="org.openqa.selenium.TimeoutException" message="Expected condition failed: waiting for visibility of all [] (tried for 30 second(s) with 500 milliseconds interval)
Build info: version: &amp;apos;3.141.59&amp;apos;, revision: &amp;apos;e82be7d358&amp;apos;, time: &amp;apos;2018-11-14T08:17:03&amp;apos;
System info: host: &amp;apos;DESKTOP-3M04LF7&amp;apos;, ip: &amp;apos;192.168.43.160&amp;apos;, os.name: &amp;apos;Windows 10&amp;apos;, os.arch: &amp;apos;amd64&amp;apos;, os.version: &amp;apos;10.0&amp;apos;, java.version: &amp;apos;1.8.0_261&amp;apos;
Driver info: org.openqa.selenium.chrome.ChromeDriver
Capabilities {acceptInsecureCerts: false, browserName: chrome, browserVersion: 84.0.4147.125, chrome: {chromedriverVersion: 84.0.4147.30 (48b3e868b4cc0..., userDataDir: C:\Users\komal\AppData\Loca...}, goog:chromeOptions: {debuggerAddress: localhost:57932}, javascriptEnabled: true, networkConnectionEnabled: false, pageLoadStrategy: normal, platform: WINDOWS, platformName: WINDOWS, proxy: Proxy(), setWindowRect: true, strictFileInteractability: false, timeouts: {implicit: 0, pageLoad: 300000, script: 30000}, unhandledPromptBehavior: dismiss and notify, webauthn:virtualAuthenticators: true}
Session ID: 989634fbc63d634d0a507a672098e4bc">
      <![CDATA[org.openqa.selenium.TimeoutException: Expected condition failed: waiting for visibility of all [] (tried for 30 second(s) with 500 milliseconds interval)
Build info: version: '3.141.59', revision: 'e82be7d358', time: '2018-11-14T08:17:03'
System info: host: 'DESKTOP-3M04LF7', ip: '192.168.43.160', os.name: 'Windows 10', os.arch: 'amd64', os.version: '10.0', java.version: '1.8.0_261'
Driver info: org.openqa.selenium.chrome.ChromeDriver
Capabilities {acceptInsecureCerts: false, browserName: chrome, browserVersion: 84.0.4147.125, chrome: {chromedriverVersion: 84.0.4147.30 (48b3e868b4cc0..., userDataDir: C:\Users\komal\AppData\Loca...}, goog:chromeOptions: {debuggerAddress: localhost:57932}, javascriptEnabled: true, networkConnectionEnabled: false, pageLoadStrategy: normal, platform: WINDOWS, platformName: WINDOWS, proxy: Proxy(), setWindowRect: true, strictFileInteractability: false, timeouts: {implicit: 0, pageLoad: 300000, script: 30000}, unhandledPromptBehavior: dismiss and notify, webauthn:virtualAuthenticators: true}
Session ID: 989634fbc63d634d0a507a672098e4bc
at org.openqa.selenium.support.ui.WebDriverWait.timeoutException(WebDriverWait.java:95)
at org.openqa.selenium.support.ui.FluentWait.until(FluentWait.java:272)
at com.elevate.qa.util.TestUtil.expicitWaitVisibilityOfAllElements(TestUtil.java:37)
at com.elevate.qa.pages.LMSDashboard.clickOnProgramLink(LMSDashboard.java:68)
at com.elevate.qa.testCases.LMSDashboardTest.verifyProgramClickTest(LMSDashboardTest.java:54)
at java.util.ArrayList.forEach(Unknown Source)
... Removed 27 stack frames]]>
    </failure>
  </testcase> <!-- verifyProgramClickTest -->
</testsuite> <!-- Elevate K-12 Test Cases -->
